<?xml version="1.0" encoding="UTF-8"?>
<coverage generated="1704856064019" clover="3.2.0">
  <project timestamp="1704856064020" name="All files">
    <metrics statements="3" coveredstatements="3" conditionals="0" coveredconditionals="0" methods="1" coveredmethods="1" elements="4" coveredelements="4" complexity="0" loc="3" ncloc="3" packages="1" files="1" classes="1"/>
    <file name="Profile.tsx" path="C:\Users\victo\Documents\desarrollo\ivitae\src\Container\Home\Profile.tsx">
      <metrics statements="3" coveredstatements="3" conditionals="0" coveredconditionals="0" methods="1" coveredmethods="1"/>
      <line num="5" count="1" type="stmt"/>
      <line num="7" count="1" type="stmt"/>
      <line num="28" count="1" type="stmt"/>
    </file>
  </project>
</coverage>
