{"C:\\Users\\victo\\Documents\\desarrollo\\ivitae\\src\\Container\\Home\\Profile.tsx": {"path":"C:\\Users\\victo\\Documents\\desarrollo\\ivitae\\src\\Container\\Home\\Profile.tsx","statementMap":{"0":{"start":{"line":5,"column":23},"end":{"line":89,"column":1}},"1":{"start":{"line":7,"column":25},"end":{"line":25,"column":6}},"2":{"start":{"line":28,"column":4},"end":{"line":88,"column":5}}},"fnMap":{"0":{"name":"(anonymous_0)","decl":{"start":{"line":5,"column":23},"end":{"line":5,"column":24}},"loc":{"start":{"line":5,"column":29},"end":{"line":89,"column":1}},"line":5}},"branchMap":{},"s":{"0":1,"1":1,"2":1},"f":{"0":1},"b":{},"_coverageSchema":"1a1c01bbd47fc00a2c39e90264f33305004495a9","hash":"42ee11293ef530cacda199df5c5f4d3d370ed44d"}
}
