{"/home/tomate/Escritorio/fuentes/react.js/ivitae/src/Container/Home/Profile.tsx": {"path":"/home/tomate/Escritorio/fuentes/react.js/ivitae/src/Container/Home/Profile.tsx","statementMap":{"0":{"start":{"line":5,"column":23},"end":{"line":90,"column":1}},"1":{"start":{"line":7,"column":25},"end":{"line":26,"column":6}},"2":{"start":{"line":29,"column":4},"end":{"line":89,"column":5}}},"fnMap":{"0":{"name":"(anonymous_0)","decl":{"start":{"line":5,"column":23},"end":{"line":5,"column":24}},"loc":{"start":{"line":5,"column":29},"end":{"line":90,"column":1}},"line":5}},"branchMap":{},"s":{"0":1,"1":1,"2":1},"f":{"0":1},"b":{},"_coverageSchema":"1a1c01bbd47fc00a2c39e90264f33305004495a9","hash":"4ffe373e23ce16780eebbfb456e92966c81a1cdd"}
}
